This is pdfeTeXk, Version 3.141592-1.30.5-2.2 (Web2C 7.5.5) (format=pdflatex 2007.5.15)  30 SEP 2007 01:46
entering extended mode
 file:line:error style messages enabled.
**\nonstopmode \input /home/berwin/lang/R/Develop/Others/lasso2/inst/doc/Manual
-vignette.tex
(/home/berwin/lang/R/Develop/Others/lasso2/inst/doc/Manual-vignette.tex
(/usr/share/texmf-texlive/tex/latex/base/article.cls
Document Class: article 2004/02/16 v1.4f Standard LaTeX document class
(/usr/share/texmf-texlive/tex/latex/base/size10.clo
File: size10.clo 2004/02/16 v1.4f Standard LaTeX file (size option)
)
\c@part=\count79
\c@section=\count80
\c@subsection=\count81
\c@subsubsection=\count82
\c@paragraph=\count83
\c@subparagraph=\count84
\c@figure=\count85
\c@table=\count86
\abovecaptionskip=\skip41
\belowcaptionskip=\skip42
\bibindent=\dimen102
)
(/usr/share/texmf-texlive/tex/latex/pdfpages/pdfpages.sty
Package: pdfpages 2004/01/31 v0.3e Insert pages of external PDF documents (AM)

(/usr/share/texmf-texlive/tex/latex/base/ifthen.sty
Package: ifthen 2001/05/26 v1.1c Standard LaTeX ifthen package (DPC)
)
(/usr/share/texmf-texlive/tex/latex/graphics/graphicx.sty
Package: graphicx 1999/02/16 v1.0f Enhanced LaTeX Graphics (DPC,SPQR)

(/usr/share/texmf-texlive/tex/latex/graphics/keyval.sty
Package: keyval 1999/03/16 v1.13 key=value parser (DPC)
\KV@toks@=\toks14
)
(/usr/share/texmf-texlive/tex/latex/graphics/graphics.sty
Package: graphics 2001/07/07 v1.0n Standard LaTeX Graphics (DPC,SPQR)

(/usr/share/texmf-texlive/tex/latex/graphics/trig.sty
Package: trig 1999/03/16 v1.09 sin cos tan (DPC)
)
(/usr/share/texmf-texlive/tex/latex/config/graphics.cfg
File: graphics.cfg 2001/08/31 v1.1 graphics configuration of teTeX/TeXLive
)
Package graphics Info: Driver file: pdftex.def on input line 80.

(/usr/share/texmf-texlive/tex/latex/graphics/pdftex.def
File: pdftex.def 2005/06/20 v0.03m graphics/color for pdftex
\Gread@gobject=\count87
))
\Gin@req@height=\dimen103
\Gin@req@width=\dimen104
)
(/usr/share/texmf-texlive/tex/latex/tools/calc.sty
Package: calc 1998/07/07 v4.1b Infix arithmetic (KKT,FJ)
\calc@Acount=\count88
\calc@Bcount=\count89
\calc@Adimen=\dimen105
\calc@Bdimen=\dimen106
\calc@Askip=\skip43
\calc@Bskip=\skip44
LaTeX Info: Redefining \setlength on input line 59.
LaTeX Info: Redefining \addtolength on input line 60.
\calc@denominator=\count90
)
(/usr/share/texmf-texlive/tex/latex/eso-pic/eso-pic.sty
Package: eso-pic 2002/11/16 v1.1b eso-pic (RN)

(/usr/share/texmf-texlive/tex/latex/everyshi/everyshi.sty
Package: everyshi 2001/05/15 v3.00 EveryShipout Package (MS)
))
(/usr/share/texmf-texlive/tex/latex/pdfpages/pppdftex.def
File: pppdftex.def 2004/01/31 v0.3e Pdfpages driver for pdfTeX (AM)
)
\AM@pagebox=\box26
\AM@toc@title=\toks15
\c@AM@survey=\count91
)
(/opt/R/R-devel/lib64/R/share/texmf/Sweave.sty

LaTeX Warning: You have requested package `/opt/R/R-devel/lib64/R/share/texmf/S
weave',
               but the package provides `Sweave'.

Package: Sweave 
(/usr/share/texmf-texlive/tex/latex/fancyvrb/fancyvrb.sty
Package: fancyvrb 1998/07/17

Style option: `fancyvrb' v2.6, with DG/SPQR fixes <1998/07/17> (tvz)
\FV@CodeLineNo=\count92
\FV@InFile=\read1
\FV@TabBox=\box27
\c@FancyVerbLine=\count93
\FV@StepNumber=\count94
\FV@OutFile=\write3

No file fancyvrb.cfg.
) (/opt/R/R-devel/lib64/R/share/texmf/upquote.sty
Package: upquote 2003/08/11 v1.1 Covington's upright-quote modification to verb
atim and verb

(/usr/share/texmf-texlive/tex/latex/base/textcomp.sty
Package: textcomp 2004/02/22 v1.99f Standard LaTeX package
Package textcomp Info: Sub-encoding information:
(textcomp)               5 = only ISO-Adobe without \textcurrency
(textcomp)               4 = 5 + \texteuro
(textcomp)               3 = 4 + \textohm
(textcomp)               2 = 3 + \textestimated + \textcurrency
(textcomp)               1 = TS1 - \textcircled - \t
(textcomp)               0 = TS1 (full)
(textcomp)             Font families with sub-encoding setting implement
(textcomp)             only a restricted character set as indicated.
(textcomp)             Family '?' is the default used for unknown fonts.
(textcomp)             See the documentation for details.
Package textcomp Info: Setting ? sub-encoding to TS1/1 on input line 71.

(/usr/share/texmf-texlive/tex/latex/base/ts1enc.def
File: ts1enc.def 2001/06/05 v3.0e (jk/car/fm) Standard LaTeX file
)
LaTeX Info: Redefining \oldstylenums on input line 266.
Package textcomp Info: Setting cmr sub-encoding to TS1/0 on input line 281.
Package textcomp Info: Setting cmss sub-encoding to TS1/0 on input line 282.
Package textcomp Info: Setting cmtt sub-encoding to TS1/0 on input line 283.
Package textcomp Info: Setting cmvtt sub-encoding to TS1/0 on input line 284.
Package textcomp Info: Setting cmbr sub-encoding to TS1/0 on input line 285.
Package textcomp Info: Setting cmtl sub-encoding to TS1/0 on input line 286.
Package textcomp Info: Setting ccr sub-encoding to TS1/0 on input line 287.
Package textcomp Info: Setting ptm sub-encoding to TS1/4 on input line 288.
Package textcomp Info: Setting pcr sub-encoding to TS1/4 on input line 289.
Package textcomp Info: Setting phv sub-encoding to TS1/4 on input line 290.
Package textcomp Info: Setting ppl sub-encoding to TS1/3 on input line 291.
Package textcomp Info: Setting pag sub-encoding to TS1/4 on input line 292.
Package textcomp Info: Setting pbk sub-encoding to TS1/4 on input line 293.
Package textcomp Info: Setting pnc sub-encoding to TS1/4 on input line 294.
Package textcomp Info: Setting pzc sub-encoding to TS1/4 on input line 295.
Package textcomp Info: Setting bch sub-encoding to TS1/4 on input line 296.
Package textcomp Info: Setting put sub-encoding to TS1/5 on input line 297.
Package textcomp Info: Setting uag sub-encoding to TS1/5 on input line 298.
Package textcomp Info: Setting ugq sub-encoding to TS1/5 on input line 299.
Package textcomp Info: Setting ul8 sub-encoding to TS1/4 on input line 300.
Package textcomp Info: Setting ul9 sub-encoding to TS1/4 on input line 301.
Package textcomp Info: Setting augie sub-encoding to TS1/5 on input line 302.
Package textcomp Info: Setting dayrom sub-encoding to TS1/3 on input line 303.
Package textcomp Info: Setting dayroms sub-encoding to TS1/3 on input line 304.

Package textcomp Info: Setting pxr sub-encoding to TS1/0 on input line 305.
Package textcomp Info: Setting pxss sub-encoding to TS1/0 on input line 306.
Package textcomp Info: Setting pxtt sub-encoding to TS1/0 on input line 307.
Package textcomp Info: Setting txr sub-encoding to TS1/0 on input line 308.
Package textcomp Info: Setting txss sub-encoding to TS1/0 on input line 309.
Package textcomp Info: Setting txtt sub-encoding to TS1/0 on input line 310.
Package textcomp Info: Setting futs sub-encoding to TS1/4 on input line 311.
Package textcomp Info: Setting futx sub-encoding to TS1/4 on input line 312.
Package textcomp Info: Setting futj sub-encoding to TS1/4 on input line 313.
Package textcomp Info: Setting hlh sub-encoding to TS1/3 on input line 314.
Package textcomp Info: Setting hls sub-encoding to TS1/3 on input line 315.
Package textcomp Info: Setting hlst sub-encoding to TS1/3 on input line 316.
Package textcomp Info: Setting hlct sub-encoding to TS1/5 on input line 317.
Package textcomp Info: Setting hlx sub-encoding to TS1/5 on input line 318.
Package textcomp Info: Setting hlce sub-encoding to TS1/5 on input line 319.
Package textcomp Info: Setting hlcn sub-encoding to TS1/5 on input line 320.
Package textcomp Info: Setting hlcw sub-encoding to TS1/5 on input line 321.
Package textcomp Info: Setting hlcf sub-encoding to TS1/5 on input line 322.
Package textcomp Info: Setting pplx sub-encoding to TS1/3 on input line 323.
Package textcomp Info: Setting pplj sub-encoding to TS1/3 on input line 324.
Package textcomp Info: Setting ptmx sub-encoding to TS1/4 on input line 325.
Package textcomp Info: Setting ptmj sub-encoding to TS1/4 on input line 326.
))
(/usr/share/texmf-texlive/tex/latex/base/fontenc.sty
Package: fontenc 2004/02/22 v1.99f Standard LaTeX package

(/usr/share/texmf-texlive/tex/latex/base/t1enc.def
File: t1enc.def 2004/02/22 v1.99f Standard LaTeX file
LaTeX Font Info:    Redeclaring font encoding T1 on input line 43.
))
(/usr/share/texmf-texlive/tex/latex/ae/ae.sty
Package: ae 2001/02/12 1.3 Almost European Computer Modern

(/usr/share/texmf-texlive/tex/latex/base/fontenc.sty
Package: fontenc 2004/02/22 v1.99f Standard LaTeX package

(/usr/share/texmf-texlive/tex/latex/base/t1enc.def
File: t1enc.def 2004/02/22 v1.99f Standard LaTeX file
LaTeX Font Info:    Redeclaring font encoding T1 on input line 43.
)
LaTeX Font Info:    Try loading font information for T1+aer on input line 100.

(/usr/share/texmf-texlive/tex/latex/ae/t1aer.fd
File: t1aer.fd 1997/11/16 Font definitions for T1/aer.
)))) (./Manual-vignette.aux)
\openout1 = `Manual-vignette.aux'.

LaTeX Font Info:    Checking defaults for OML/cmm/m/it on input line 8.
LaTeX Font Info:    ... okay on input line 8.
LaTeX Font Info:    Checking defaults for T1/cmr/m/n on input line 8.
LaTeX Font Info:    ... okay on input line 8.
LaTeX Font Info:    Checking defaults for OT1/cmr/m/n on input line 8.
LaTeX Font Info:    ... okay on input line 8.
LaTeX Font Info:    Checking defaults for OMS/cmsy/m/n on input line 8.
LaTeX Font Info:    ... okay on input line 8.
LaTeX Font Info:    Checking defaults for OMX/cmex/m/n on input line 8.
LaTeX Font Info:    ... okay on input line 8.
LaTeX Font Info:    Checking defaults for U/cmr/m/n on input line 8.
LaTeX Font Info:    ... okay on input line 8.
LaTeX Font Info:    Checking defaults for TS1/cmr/m/n on input line 8.
LaTeX Font Info:    Try loading font information for TS1+cmr on input line 8.

(/usr/share/texmf-texlive/tex/latex/base/ts1cmr.fd
File: ts1cmr.fd 1999/05/25 v2.5h Standard LaTeX font definitions
)
LaTeX Font Info:    ... okay on input line 8.

(/usr/share/texmf-texlive/tex/context/base/supp-pdf.tex
(/usr/share/texmf-texlive/tex/context/base/supp-mis.tex
loading : Context Support Macros / Miscellaneous (2004.10.26)
\protectiondepth=\count95
\scratchcounter=\count96
\scratchtoks=\toks16
\scratchdimen=\dimen107
\scratchskip=\skip45
\scratchmuskip=\muskip10
\scratchbox=\box28
\scratchread=\read2
\scratchwrite=\write4
\zeropoint=\dimen108
\onepoint=\dimen109
\onebasepoint=\dimen110
\minusone=\count97
\thousandpoint=\dimen111
\onerealpoint=\dimen112
\emptytoks=\toks17
\nextbox=\box29
\nextdepth=\dimen113
\everyline=\toks18
\!!counta=\count98
\!!countb=\count99
\recursecounter=\count100
)
loading : Context Support Macros / PDF (2004.03.26)
\nofMPsegments=\count101
\nofMParguments=\count102
\MPscratchCnt=\count103
\MPscratchDim=\dimen114
\MPnumerator=\count104
\everyMPtoPDFconversion=\toks19
) ABD: EveryShipout initializing macros
(/usr/share/texmf-texlive/tex/latex/graphics/color.sty
Package: color 1999/02/16 v1.0i Standard LaTeX Color (DPC)
LaTeX Info: Redefining \color on input line 71.

(/usr/share/texmf-texlive/tex/latex/config/color.cfg
File: color.cfg 2001/08/31 v1.1 color configuration of teTeX/TeXLive
)
Package color Info: Driver file: pdftex.def on input line 125.
)
<Manual-wo-help.pdf, id=4, page=1, 614.295pt x 794.97pt>
File: Manual-wo-help.pdf Graphic file (type pdf)

<use Manual-wo-help.pdf, page 1>
File: Manual-wo-help.pdf Graphic file (type pdf)
 <use Manual-wo-help.pdf, page 1>
File: Manual-wo-help.pdf Graphic file (type pdf)

<use Manual-wo-help.pdf, page 1>
File: Manual-wo-help.pdf Graphic file (type pdf)
 <use Manual-wo-help.pdf, page 1>
File: Manual-wo-help.pdf Graphic file (type pdf)

<use Manual-wo-help.pdf, page 1> [1

 <./Manual-wo-help.pdf>]
<Manual-wo-help.pdf, id=436, page=2, 614.295pt x 794.97pt>
File: Manual-wo-help.pdf Graphic file (type pdf)

<use Manual-wo-help.pdf, page 2>
File: Manual-wo-help.pdf Graphic file (type pdf)
 <use Manual-wo-help.pdf, page 2>
File: Manual-wo-help.pdf Graphic file (type pdf)

<use Manual-wo-help.pdf, page 2> [2 <./Manual-wo-help.pdf>]
<Manual-wo-help.pdf, id=441, page=3, 614.295pt x 794.97pt>
File: Manual-wo-help.pdf Graphic file (type pdf)

<use Manual-wo-help.pdf, page 3>
File: Manual-wo-help.pdf Graphic file (type pdf)
 <use Manual-wo-help.pdf, page 3>
File: Manual-wo-help.pdf Graphic file (type pdf)

<use Manual-wo-help.pdf, page 3> [3 <./Manual-wo-help.pdf>]
<Manual-wo-help.pdf, id=607, page=4, 614.295pt x 794.97pt>
File: Manual-wo-help.pdf Graphic file (type pdf)

<use Manual-wo-help.pdf, page 4>
File: Manual-wo-help.pdf Graphic file (type pdf)
 <use Manual-wo-help.pdf, page 4>
File: Manual-wo-help.pdf Graphic file (type pdf)

<use Manual-wo-help.pdf, page 4> [4 <./Manual-wo-help.pdf>]
<Manual-wo-help.pdf, id=612, page=5, 614.295pt x 794.97pt>
File: Manual-wo-help.pdf Graphic file (type pdf)

<use Manual-wo-help.pdf, page 5>
File: Manual-wo-help.pdf Graphic file (type pdf)
 <use Manual-wo-help.pdf, page 5>
File: Manual-wo-help.pdf Graphic file (type pdf)

<use Manual-wo-help.pdf, page 5> [5 <./Manual-wo-help.pdf>]
<Manual-wo-help.pdf, id=618, page=6, 614.295pt x 794.97pt>
File: Manual-wo-help.pdf Graphic file (type pdf)

<use Manual-wo-help.pdf, page 6>
File: Manual-wo-help.pdf Graphic file (type pdf)
 <use Manual-wo-help.pdf, page 6>
File: Manual-wo-help.pdf Graphic file (type pdf)

<use Manual-wo-help.pdf, page 6> [6 <./Manual-wo-help.pdf>]
<Manual-wo-help.pdf, id=623, page=7, 614.295pt x 794.97pt>
File: Manual-wo-help.pdf Graphic file (type pdf)

<use Manual-wo-help.pdf, page 7>
File: Manual-wo-help.pdf Graphic file (type pdf)
 <use Manual-wo-help.pdf, page 7>
File: Manual-wo-help.pdf Graphic file (type pdf)

<use Manual-wo-help.pdf, page 7> [7 <./Manual-wo-help.pdf>]
<Manual-wo-help.pdf, id=629, page=8, 614.295pt x 794.97pt>
File: Manual-wo-help.pdf Graphic file (type pdf)

<use Manual-wo-help.pdf, page 8>
File: Manual-wo-help.pdf Graphic file (type pdf)
 <use Manual-wo-help.pdf, page 8>
File: Manual-wo-help.pdf Graphic file (type pdf)

<use Manual-wo-help.pdf, page 8> [8 <./Manual-wo-help.pdf>]
<Manual-wo-help.pdf, id=634, page=9, 614.295pt x 794.97pt>
File: Manual-wo-help.pdf Graphic file (type pdf)

<use Manual-wo-help.pdf, page 9>
File: Manual-wo-help.pdf Graphic file (type pdf)
 <use Manual-wo-help.pdf, page 9>
File: Manual-wo-help.pdf Graphic file (type pdf)

<use Manual-wo-help.pdf, page 9> [9 <./Manual-wo-help.pdf>]
<Manual-wo-help.pdf, id=639, page=10, 614.295pt x 794.97pt>
File: Manual-wo-help.pdf Graphic file (type pdf)

<use Manual-wo-help.pdf, page 10>
File: Manual-wo-help.pdf Graphic file (type pdf)
 <use Manual-wo-help.pdf, page 10>
File: Manual-wo-help.pdf Graphic file (type pdf)

<use Manual-wo-help.pdf, page 10> [10 <./Manual-wo-help.pdf>]
(./Manual-vignette.aux) ) 
Here is how much of TeX's memory you used:
 2686 strings out of 94312
 38046 string characters out of 1171648
 82603 words of memory out of 1000000
 5905 multiletter control sequences out of 10000+50000
 5898 words of font info for 16 fonts, out of 500000 for 2000
 647 hyphenation exceptions out of 8191
 35i,16n,41p,302b,405s stack positions out of 1500i,500n,5000p,200000b,5000s
PDF statistics:
 649 PDF objects out of 300000
 0 named destinations out of 131072
 66 words of extra memory for PDF output out of 10000

Output written on Manual-vignette.pdf (10 pages, 200413 bytes).
